mode: set
reef-feed-aggregator/internal/featureflags/featureflags.go:53.46,55.16 2 0
reef-feed-aggregator/internal/featureflags/featureflags.go:55.16,57.3 1 0
reef-feed-aggregator/internal/featureflags/featureflags.go:58.2,59.13 2 0
reef-feed-aggregator/internal/featureflags/featureflags.go:59.13,61.3 1 0
reef-feed-aggregator/internal/featureflags/featureflags.go:63.2,63.31 1 0
reef-feed-aggregator/internal/featureflags/featureflags.go:63.31,68.57 2 0
reef-feed-aggregator/internal/featureflags/featureflags.go:68.57,70.4 1 0
reef-feed-aggregator/internal/featureflags/featureflags.go:71.3,71.23 1 0
reef-feed-aggregator/internal/featureflags/featureflags.go:71.23,73.4 1 0
reef-feed-aggregator/internal/featureflags/featureflags.go:74.3,74.20 1 0
reef-feed-aggregator/internal/featureflags/featureflags.go:74.20,76.4 1 0
reef-feed-aggregator/internal/featureflags/featureflags.go:77.3,77.54 1 0
reef-feed-aggregator/internal/featureflags/featureflags.go:80.2,80.15 1 0
reef-feed-aggregator/internal/featureflags/featureflags.go:85.53,86.18 1 0
reef-feed-aggregator/internal/featureflags/featureflags.go:86.18,88.3 1 0
reef-feed-aggregator/internal/featureflags/featureflags.go:89.2,90.16 2 0
reef-feed-aggregator/internal/featureflags/featureflags.go:90.16,94.3 2 0
reef-feed-aggregator/internal/featureflags/featureflags.go:97.2,104.14 4 0
reef-feed-aggregator/internal/featureflags/featureflags.go:104.14,106.3 1 0
reef-feed-aggregator/internal/featureflags/featureflags.go:107.2,110.57 2 0
reef-feed-aggregator/internal/featureflags/featureflags.go:110.57,113.3 1 0
reef-feed-aggregator/internal/featureflags/featureflags.go:114.2,114.12 1 0
reef-feed-aggregator/internal/featureflags/featureflags.go:118.22,118.38 1 0
reef-feed-aggregator/internal/featureflags/featureflags.go:121.17,122.16 1 0
reef-feed-aggregator/internal/featureflags/featureflags.go:122.16,124.3 1 0
reef-feed-aggregator/internal/featureflags/featureflags.go:125.2,125.18 1 0
reef-feed-aggregator/internal/http/middleware/logger.go:16.40,17.23 1 0
reef-feed-aggregator/internal/http/middleware/logger.go:17.23,18.27 1 0
reef-feed-aggregator/internal/http/middleware/logger.go:18.27,20.4 1 0
reef-feed-aggregator/internal/http/middleware/logger.go:24.69,26.29 2 0
reef-feed-aggregator/internal/http/middleware/logger.go:26.29,28.3 1 0
reef-feed-aggregator/internal/http/middleware/logger.go:29.2,29.46 1 0
reef-feed-aggregator/internal/http/middleware/logger.go:29.46,30.72 1 0
reef-feed-aggregator/internal/http/middleware/logger.go:30.72,31.40 1 0
reef-feed-aggregator/internal/http/middleware/logger.go:31.40,34.5 2 0
reef-feed-aggregator/internal/http/middleware/logger.go:35.4,39.101 5 0
reef-feed-aggregator/internal/http/middleware/logger.go:49.38,52.2 2 0
reef-feed-aggregator/internal/http/middleware/logger.go:55.61,56.21 1 0
reef-feed-aggregator/internal/http/middleware/logger.go:56.21,57.33 1 0
reef-feed-aggregator/internal/http/middleware/logger.go:57.33,59.4 1 0
reef-feed-aggregator/internal/http/middleware/logger.go:61.2,61.14 1 0
reef-feed-aggregator/main.go:18.13,22.51 3 0
reef-feed-aggregator/main.go:22.51,24.3 1 0
reef-feed-aggregator/main.go:24.8,29.3 1 0
reef-feed-aggregator/main.go:30.2,36.12 4 0
reef-feed-aggregator/main.go:36.12,38.7 2 0
reef-feed-aggregator/main.go:38.7,41.19 3 0
reef-feed-aggregator/main.go:41.19,45.5 3 0
reef-feed-aggregator/main.go:50.2,53.54 2 0
reef-feed-aggregator/main.go:53.54,54.72 1 0
reef-feed-aggregator/main.go:54.72,56.57 1 0
reef-feed-aggregator/main.go:56.57,59.5 2 0
reef-feed-aggregator/main.go:61.4,61.52 1 0
reef-feed-aggregator/main.go:61.52,64.5 2 0
reef-feed-aggregator/main.go:65.4,65.24 1 0
reef-feed-aggregator/main.go:68.2,74.71 3 0
reef-feed-aggregator/main.go:74.71,77.3 2 0
reef-feed-aggregator/main.go:79.2,79.70 1 0
reef-feed-aggregator/main.go:79.70,83.3 2 0
reef-feed-aggregator/main.go:86.2,86.71 1 0
reef-feed-aggregator/main.go:86.71,101.3 4 0
reef-feed-aggregator/main.go:104.2,113.31 5 0
reef-feed-aggregator/internal/auth/jwt.go:20.45,22.13 2 1
reef-feed-aggregator/internal/auth/jwt.go:22.13,24.3 1 1
reef-feed-aggregator/internal/auth/jwt.go:25.2,26.62 2 1
reef-feed-aggregator/internal/auth/jwt.go:26.62,28.3 1 1
reef-feed-aggregator/internal/auth/jwt.go:29.2,29.11 1 1
reef-feed-aggregator/internal/auth/jwt.go:33.51,35.18 2 1
reef-feed-aggregator/internal/auth/jwt.go:35.18,37.3 1 1
reef-feed-aggregator/internal/auth/jwt.go:38.2,38.95 1 1
reef-feed-aggregator/internal/auth/jwt.go:38.95,40.3 1 1
reef-feed-aggregator/internal/auth/jwt.go:41.2,41.16 1 1
reef-feed-aggregator/internal/auth/jwt.go:41.16,43.3 1 1
reef-feed-aggregator/internal/auth/jwt.go:44.2,45.23 2 1
reef-feed-aggregator/internal/auth/jwt.go:45.23,47.3 1 0
reef-feed-aggregator/internal/auth/jwt.go:48.2,48.20 1 1
reef-feed-aggregator/internal/feeds/client.go:20.42,32.2 1 1
reef-feed-aggregator/internal/feeds/client.go:35.100,37.9 2 1
reef-feed-aggregator/internal/feeds/client.go:37.9,39.3 1 1
reef-feed-aggregator/internal/feeds/client.go:41.2,44.16 3 1
reef-feed-aggregator/internal/feeds/client.go:44.16,46.3 1 0
reef-feed-aggregator/internal/feeds/client.go:47.2,50.16 3 1
reef-feed-aggregator/internal/feeds/client.go:50.16,52.3 1 0
reef-feed-aggregator/internal/feeds/client.go:53.2,55.38 2 1
reef-feed-aggregator/internal/feeds/client.go:55.38,58.3 2 1
reef-feed-aggregator/internal/feeds/client.go:60.2,61.67 2 1
reef-feed-aggregator/internal/feeds/client.go:61.67,63.3 1 1
reef-feed-aggregator/internal/feeds/client.go:65.2,65.21 1 1
reef-feed-aggregator/internal/feeds/client.go:68.55,69.34 1 1
reef-feed-aggregator/internal/feeds/client.go:69.34,71.3 1 1
reef-feed-aggregator/internal/feeds/client.go:72.2,72.21 1 1
reef-feed-aggregator/internal/feeds/handlers.go:18.28,22.2 1 0
reef-feed-aggregator/internal/feeds/handlers.go:25.71,28.20 2 0
reef-feed-aggregator/internal/feeds/handlers.go:28.20,31.3 2 0
reef-feed-aggregator/internal/feeds/handlers.go:33.2,34.16 2 0
reef-feed-aggregator/internal/feeds/handlers.go:34.16,38.3 3 0
reef-feed-aggregator/internal/feeds/handlers.go:40.2,41.18 2 0
reef-feed-aggregator/internal/feeds/handlers.go:41.18,44.3 2 0
reef-feed-aggregator/internal/feeds/handlers.go:47.2,48.19 2 0
reef-feed-aggregator/internal/feeds/handlers.go:48.19,53.3 3 0
reef-feed-aggregator/internal/feeds/handlers.go:56.2,57.18 2 0
reef-feed-aggregator/internal/feeds/handlers.go:57.18,61.3 3 0
reef-feed-aggregator/internal/feeds/handlers.go:63.2,69.40 3 0
reef-feed-aggregator/internal/feeds/handlers.go:69.40,77.3 4 0
reef-feed-aggregator/internal/feeds/handlers.go:80.2,81.22 2 0
reef-feed-aggregator/internal/feeds/handlers.go:81.22,89.3 4 0
reef-feed-aggregator/internal/feeds/handlers.go:91.2,94.37 3 0
reef-feed-aggregator/internal/feeds/handlers.go:94.37,102.3 4 0
reef-feed-aggregator/internal/feeds/handlers.go:105.2,107.16 3 0
reef-feed-aggregator/internal/feeds/handlers.go:107.16,112.3 3 0
reef-feed-aggregator/internal/feeds/handlers.go:115.2,120.51 2 0
reef-feed-aggregator/internal/feeds/handlers.go:120.51,125.3 1 0
reef-feed-aggregator/internal/feeds/handlers.go:127.2,127.45 1 0
reef-feed-aggregator/internal/feeds/handlers.go:127.45,132.3 1 0
reef-feed-aggregator/internal/feeds/handlers.go:135.2,136.60 2 0
reef-feed-aggregator/internal/feeds/handlers.go:136.60,138.3 1 0
reef-feed-aggregator/internal/feeds/handlers.go:142.69,143.16 1 0
reef-feed-aggregator/internal/feeds/handlers.go:144.12,145.51 1 0
reef-feed-aggregator/internal/feeds/handlers.go:146.12,147.51 1 0
reef-feed-aggregator/internal/feeds/handlers.go:148.12,149.51 1 0
reef-feed-aggregator/internal/feeds/handlers.go:150.14,151.53 1 0
reef-feed-aggregator/internal/feeds/handlers.go:152.10,153.15 1 0
reef-feed-aggregator/internal/feeds/mapper.go:27.52,29.2 1 0
reef-feed-aggregator/internal/logger/logger.go:22.25,26.2 3 1
reef-feed-aggregator/internal/logger/logger.go:29.29,30.15 1 1
reef-feed-aggregator/internal/logger/logger.go:31.15,32.30 1 1
reef-feed-aggregator/internal/logger/logger.go:33.14,34.29 1 1
reef-feed-aggregator/internal/logger/logger.go:35.15,36.30 1 1
reef-feed-aggregator/internal/logger/logger.go:37.10,38.29 1 1
reef-feed-aggregator/internal/logger/logger.go:43.24,44.31 1 1
reef-feed-aggregator/internal/logger/logger.go:45.13,46.17 1 1
reef-feed-aggregator/internal/logger/logger.go:47.12,48.16 1 1
reef-feed-aggregator/internal/logger/logger.go:49.13,50.17 1 1
reef-feed-aggregator/internal/logger/logger.go:51.10,52.16 1 1
reef-feed-aggregator/internal/logger/logger.go:56.18,56.60 1 1
reef-feed-aggregator/internal/logger/logger.go:58.41,59.36 1 1
reef-feed-aggregator/internal/logger/logger.go:59.36,61.3 1 1
reef-feed-aggregator/internal/logger/logger.go:63.40,64.35 1 1
reef-feed-aggregator/internal/logger/logger.go:64.35,66.3 1 1
reef-feed-aggregator/internal/logger/logger.go:68.40,69.35 1 1
reef-feed-aggregator/internal/logger/logger.go:69.35,71.3 1 1
reef-feed-aggregator/internal/logger/logger.go:73.41,74.36 1 1
reef-feed-aggregator/internal/logger/logger.go:74.36,76.3 1 1
